<?xml version="1.0" encoding="UTF-8"?>
<testsuite xmlns:xsi="http://www.w3.org/2001/XMLSchema-instance" xsi:noNamespaceSchemaLocation="https://maven.apache.org/surefire/maven-surefire-plugin/xsd/surefire-test-report-3.0.xsd" version="3.0" name="tasks.model.TaskOperationTest" time="0.097" tests="9" errors="0" skipped="0" failures="0">
  <properties>
[...]
</properties>
  <testcase name="Test1_taskIsEmpty" classname="tasks.model.TaskOperationTest" time="0.057">
    <system-out><![CDATA[Mon May 17 12:30:00 EEST 2021
Wed May 26 12:30:00 EEST 2021
]]></system-out>
  </testcase>
  <testcase name="F02_incoming_tasksHasTwoElementsAndHasDatesInInterval_returnExpectedTasks" classname="tasks.model.TaskOperationTest" time="0.002">
    <system-out><![CDATA[Mon May 17 12:30:00 EEST 2021
Wed May 26 12:30:00 EEST 2021
TASK1
TASK2
]]></system-out>
  </testcase>
  <testcase name="F02_incoming_StartIsNull_returnOne" classname="tasks.model.TaskOperationTest" time="0.002">
    <system-out><![CDATA[null
Sun May 21 12:30:00 EET 1950
]]></system-out>
  </testcase>
  <testcase name="F02_incoming_repetitive" classname="tasks.model.TaskOperationTest" time="0.002">
    <system-out><![CDATA[Mon May 17 12:30:00 EEST 2021
Sat May 22 12:30:00 EEST 2021
TASK1
TASK2
]]></system-out>
  </testcase>
  <testcase name="F02_incoming_EndIsNull_returnOne" classname="tasks.model.TaskOperationTest" time="0.002">
    <system-out><![CDATA[Sun May 21 12:30:00 EET 1950
null
]]></system-out>
  </testcase>
  <testcase name="F02_incoming_tasksIsNotEmptyAndDoesntHaveTasksInInterval_returnOne" classname="tasks.model.TaskOperationTest" time="0.003">
    <system-out><![CDATA[Fri May 21 12:30:00 EEST 2021
Mon May 22 12:30:00 EET 1950
]]></system-out>
  </testcase>
  <testcase name="F02_incoming_tasksHasOneElementAndHasDatesInInterval_returnExpectedTasks" classname="tasks.model.TaskOperationTest" time="0.002">
    <system-out><![CDATA[Mon May 17 12:30:00 EEST 2021
Wed May 26 12:30:00 EEST 2021
TASK1
]]></system-out>
  </testcase>
  <testcase name="F02_incoming_IntervalIsNull_returnOne" classname="tasks.model.TaskOperationTest" time="0.003">
    <system-out><![CDATA[null
null
]]></system-out>
  </testcase>
  <testcase name="F02_incoming_tasksIsNotEmptyAndHasDatesInInterval_returnExpectedTasks" classname="tasks.model.TaskOperationTest" time="0.003">
    <system-out><![CDATA[Mon May 17 12:30:00 EEST 2021
Wed May 26 12:30:00 EEST 2021
TASK2
TASK3
]]></system-out>
  </testcase>
</testsuite>